#
# There is insufficient memory for the Java Runtime Environment to continue.
# Native memory allocation (malloc) failed to allocate 1048576 bytes for AllocateHeap
# Possible reasons:
#   The system is out of physical RAM or swap space
#   The process is running with CompressedOops enabled, and the Java Heap may be blocking the growth of the native heap
# Possible solutions:
#   Reduce memory load on the system
#   Increase physical memory or swap space
#   Check if swap backing store is full
#   Decrease Java heap size (-Xmx/-Xms)
#   Decrease number of Java threads
#   Decrease Java thread stack sizes (-Xss)
#   Set larger code cache with -XX:ReservedCodeCacheSize=
#   JVM is running with Unscaled Compressed Oops mode in which the Java heap is
#     placed in the first 4GB address space. The Java Heap base address is the
#     maximum limit for the native heap growth. Please use -XX:HeapBaseMinAddress
#     to set the Java Heap base and to place the Java Heap above 4GB virtual address.
# This output file may be truncated or incomplete.
#
#  Out of Memory Error (./open/src/hotspot/share/memory/allocation.cpp:46), pid=7068, tid=5948
#
# JRE version: Java(TM) SE Runtime Environment 18.9 (11.0.11+9) (build 11.0.11+9-LTS-194)
# Java VM: Java HotSpot(TM) 64-Bit Server VM 18.9 (11.0.11+9-LTS-194, mixed mode, tiered, compressed oops, g1 gc, windows-amd64)
# No core dump will be written. Minidumps are not enabled by default on client versions of Windows
#

---------------  S U M M A R Y ------------

Command Line: -agentlib:jdwp=transport=dt_socket,address=127.0.0.1:61104,suspend=y,server=n -XX:TieredStopAtLevel=1 -Xverify:none -Dspring.output.ansi.enabled=always -Dcom.sun.management.jmxremote -Dspring.jmx.enabled=true -Dspring.liveBeansView.mbeanDomain -Dspring.application.admin.enabled=true -Dmanagement.endpoints.jmx.exposure.include=* -javaagent:C:\Users\Admin\AppData\Local\JetBrains\IntelliJIdea2023.1\captureAgent\debugger-agent.jar -Dfile.encoding=UTF-8 com.example.bai_1.Bai1Application

Host: Intel(R) Core(TM) i7-3687U CPU @ 2.10GHz, 4 cores, 7G,  Windows 10 , 64 bit Build 15063 (10.0.15063.1058)
Time: Wed Jun 28 16:02:24 2023 SE Asia Standard Time elapsed time: 8.508882 seconds (0d 0h 0m 8s)

---------------  T H R E A D  ---------------

Current thread (0x0000012e78d60000):  VMThread "VM Thread" [stack: 0x0000002129200000,0x0000002129300000] [id=5948]

Stack: [0x0000002129200000,0x0000002129300000]
[error occurred during error reporting (printing stack bounds), id 0xc0000005, EXCEPTION_ACCESS_VIOLATION (0xc0000005) at pc=0x0000012e63080f2d]

Native frames: (J=compiled Java code, j=interpreted, Vv=VM code, C=native code)
V  [jvm.dll+0x616f2a]
V  [jvm.dll+0x74de7f]
V  [jvm.dll+0x74f505]
V  [jvm.dll+0x74fae5]
V  [jvm.dll+0x74fa9b]
V  [jvm.dll+0x616763]
V  [jvm.dll+0x616b28]
C  [ntdll.dll+0xa9fdd]
C  [ntdll.dll+0x351c8]
C  [ntdll.dll+0xa905e]
C  0x0000012e63080f2d

VM_Operation (0x000000212a7fa400): CollectForMetadataAllocation, mode: safepoint, requested by thread 0x0000012e7add1000


---------------  P R O C E S S  ---------------

Threads class SMR info:
_java_thread_list=0x0000012e7d76a540, length=23, elements={
0x0000012e5abea800, 0x0000012e78d89000, 0x0000012e78d91800, 0x0000012e796f3000,
0x0000012e78db3800, 0x0000012e78db4800, 0x0000012e78dbb000, 0x0000012e78d1b000,
0x0000012e798bc000, 0x0000012e798da800, 0x0000012e798db800, 0x0000012e798fa800,
0x0000012e798f1800, 0x0000012e79f57000, 0x0000012e79f56000, 0x0000012e7adce800,
0x0000012e7add1000, 0x0000012e7b973800, 0x0000012e7b974000, 0x0000012e7bc47800,
0x0000012e7bcbe800, 0x0000012e7d3e9000, 0x0000012e7d3e3800
}

Java Threads: ( => current thread )
  0x0000012e5abea800 JavaThread "main" [_thread_blocked, id=2416, stack(0x0000002128c00000,0x0000002128d00000)]
  0x0000012e78d89000 JavaThread "Reference Handler" daemon [_thread_blocked, id=8908, stack(0x0000002129300000,0x0000002129400000)]
  0x0000012e78d91800 JavaThread "Finalizer" daemon [_thread_blocked, id=7612, stack(0x0000002129400000,0x0000002129500000)]
  0x0000012e796f3000 JavaThread "Signal Dispatcher" daemon [_thread_blocked, id=7216, stack(0x0000002129500000,0x0000002129600000)]
  0x0000012e78db3800 JavaThread "Attach Listener" daemon [_thread_blocked, id=6512, stack(0x0000002129600000,0x0000002129700000)]
  0x0000012e78db4800 JavaThread "C1 CompilerThread0" daemon [_thread_blocked, id=3672, stack(0x0000002129700000,0x0000002129800000)]
  0x0000012e78dbb000 JavaThread "Sweeper thread" daemon [_thread_blocked, id=9100, stack(0x0000002129800000,0x0000002129900000)]
  0x0000012e78d1b000 JavaThread "Common-Cleaner" daemon [_thread_blocked, id=4684, stack(0x0000002129900000,0x0000002129a00000)]
  0x0000012e798bc000 JavaThread "JDWP Transport Listener: dt_socket" daemon [_thread_blocked, id=8104, stack(0x0000002129a00000,0x0000002129b00000)]
  0x0000012e798da800 JavaThread "JDWP Event Helper Thread" daemon [_thread_blocked, id=6328, stack(0x0000002129b00000,0x0000002129c00000)]
  0x0000012e798db800 JavaThread "JDWP Command Reader" daemon [_thread_in_native, id=2028, stack(0x0000002129c00000,0x0000002129d00000)]
  0x0000012e798fa800 JavaThread "Service Thread" daemon [_thread_blocked, id=9284, stack(0x0000002129d00000,0x0000002129e00000)]
  0x0000012e798f1800 JavaThread "RMI TCP Accept-0" daemon [_thread_in_native, id=8780, stack(0x0000002129f00000,0x000000212a000000)]
  0x0000012e79f57000 JavaThread "RMI TCP Connection(1)-10.0.75.1" daemon [_thread_in_native, id=9836, stack(0x000000212a300000,0x000000212a400000)]
  0x0000012e79f56000 JavaThread "RMI Scheduler(0)" daemon [_thread_blocked, id=8660, stack(0x000000212a400000,0x000000212a500000)]
  0x0000012e7adce800 JavaThread "Thread-0" [_thread_blocked, id=6068, stack(0x000000212a600000,0x000000212a700000)]
  0x0000012e7add1000 JavaThread "restartedMain" [_thread_blocked, id=7104, stack(0x000000212a700000,0x000000212a800000)]
  0x0000012e7b973800 JavaThread "Catalina-utility-1" [_thread_blocked, id=2140, stack(0x000000212b200000,0x000000212b300000)]
  0x0000012e7b974000 JavaThread "Catalina-utility-2" [_thread_blocked, id=1368, stack(0x000000212b300000,0x000000212b400000)]
  0x0000012e7bc47800 JavaThread "container-0" [_thread_blocked, id=9856, stack(0x000000212b400000,0x000000212b500000)]
  0x0000012e7bcbe800 JavaThread "mysql-cj-abandoned-connection-cleanup" daemon [_thread_blocked, id=2792, stack(0x000000212b500000,0x000000212b600000)]
  0x0000012e7d3e9000 JavaThread "HikariPool-1 housekeeper" daemon [_thread_blocked, id=3608, stack(0x000000212b900000,0x000000212ba00000)]
  0x0000012e7d3e3800 JavaThread "HikariPool-1 connection adder" daemon [_thread_blocked, id=8292, stack(0x000000212ba00000,0x000000212bb00000)]

Other Threads:
=>0x0000012e78d60000 VMThread "VM Thread" [stack: 0x0000002129200000,0x0000002129300000] [id=5948]
  0x0000012e79e57000 WatcherThread [stack: 0x000000212a000000,0x000000212a100000] [id=6212]
  0x0000012e5ac01000 GCTaskThread "GC Thread#0" [stack: 0x0000002128d00000,0x0000002128e00000] [id=2284]
  0x0000012e79e1b800 GCTaskThread "GC Thread#1" [stack: 0x0000002129e00000,0x0000002129f00000] [id=1616]
  0x0000012e7affb000 GCTaskThread "GC Thread#2" [stack: 0x000000212aa00000,0x000000212ab00000] [id=10208]
  0x0000012e7afd2800 GCTaskThread "GC Thread#3" [stack: 0x000000212ab00000,0x000000212ac00000] [id=3848]
  0x0000012e5ac31000 ConcurrentGCThread "G1 Main Marker" [stack: 0x0000002128e00000,0x0000002128f00000] [id=4020]
  0x0000012e5ac32800 ConcurrentGCThread "G1 Conc#0" [stack: 0x0000002128f00000,0x0000002129000000] [id=2144]
  0x0000012e78bc7800 ConcurrentGCThread "G1 Refine#0" [stack: 0x0000002129000000,0x0000002129100000] [id=4356]
  0x0000012e78bc9800 ConcurrentGCThread "G1 Young RemSet Sampling" [stack: 0x0000002129100000,0x0000002129200000] [id=2424]

Threads with active compile tasks:
C1 CompilerThread0   8542 4666       1       org.springframework.data.util.Lazy::of (9 bytes)

VM state:at safepoint (normal execution)

VM Mutex/Monitor currently owned by a thread:  ([mutex/lock_event])
[0x0000012e5abe8520] Threads_lock - owner thread: 0x0000012e78d60000
[0x0000012e5abe9060] Heap_lock - owner thread: 0x0000012e7add1000

Heap address: 0x0000000086e00000, size: 1938 MB, Compressed Oops mode: 32-bit
Narrow klass base: 0x0000000000000000, Narrow klass shift: 3
Compressed class space size: 1073741824 Address: 0x0000000100000000

Heap:
 garbage-first heap   total 181248K, used 23247K [0x0000000086e00000, 0x0000000100000000)
  region size 1024K, 7 young (7168K), 7 survivors (7168K)
 Metaspace       used 59448K, capacity 61257K, committed 61264K, reserved 1114112K
  class space    used 7730K, capacity 8441K, committed 8448K, reserved 1048576K
Heap Regions: E=young(eden), S=young(survivor), O=old, HS=humongous(starts), HC=humongous(continues), CS=collection set, F=free, A=archive, TAMS=top-at-mark-start (previous, next)
|   0|0x0000000086e00000, 0x0000000086f00000, 0x0000000086f00000|100%|HS|  |TAMS 0x0000000086f00000, 0x0000000086f00000| Complete 
|   1|0x0000000086f00000, 0x0000000087000000, 0x0000000087000000|100%| O|  |TAMS 0x0000000087000000, 0x0000000087000000| Untracked 
|   2|0x0000000087000000, 0x0000000087100000, 0x0000000087100000|100%| O|  |TAMS 0x0000000087100000, 0x0000000087100000| Untracked 
|   3|0x0000000087100000, 0x0000000087200000, 0x0000000087200000|100%| O|  |TAMS 0x0000000087200000, 0x0000000087200000| Untracked 
|   4|0x0000000087200000, 0x0000000087300000, 0x0000000087300000|100%| O|  |TAMS 0x0000000087300000, 0x0000000087300000| Untracked 
|   5|0x0000000087300000, 0x0000000087400000, 0x0000000087400000|100%| O|  |TAMS 0x0000000087400000, 0x0000000087400000| Untracked 
|   6|0x0000000087400000, 0x0000000087500000, 0x0000000087500000|100%| O|  |TAMS 0x0000000087500000, 0x0000000087500000| Untracked 
|   7|0x0000000087500000, 0x0000000087600000, 0x0000000087600000|100%| O|  |TAMS 0x0000000087600000, 0x0000000087600000| Untracked 
|   8|0x0000000087600000, 0x0000000087700000, 0x0000000087700000|100%| O|  |TAMS 0x0000000087700000, 0x0000000087700000| Untracked 
|   9|0x0000000087700000, 0x0000000087800000, 0x0000000087800000|100%| O|  |TAMS 0x0000000087800000, 0x0000000087800000| Untracked 
|  10|0x0000000087800000, 0x0000000087900000, 0x0000000087900000|100%| O|  |TAMS 0x0000000087900000, 0x0000000087900000| Untracked 
|  11|0x0000000087900000, 0x0000000087a00000, 0x0000000087a00000|100%| O|  |TAMS 0x0000000087a00000, 0x0000000087a00000| Untracked 
|  12|0x0000000087a00000, 0x0000000087b00000, 0x0000000087b00000|100%| O|  |TAMS 0x0000000087b00000, 0x0000000087b00000| Untracked 
|  13|0x0000000087b00000, 0x0000000087c00000, 0x0000000087c00000|100%| O|  |TAMS 0x0000000087c00000, 0x0000000087c00000| Untracked 
|  14|0x0000000087c00000, 0x0000000087d00000, 0x0000000087d00000|100%| O|  |TAMS 0x0000000087d00000, 0x0000000087d00000| Untracked 
|  15|0x0000000087d00000, 0x0000000087dc9200, 0x0000000087e00000| 78%| O|  |TAMS 0x0000000087dc9200, 0x0000000087dc9200| Untracked 
|  16|0x0000000087e00000, 0x0000000087e00000, 0x0000000087f00000|  0%| F|  |TAMS 0x0000000087e00000, 0x0000000087e00000| Untracked 
|  17|0x0000000087f00000, 0x0000000087f00000, 0x0000000088000000|  0%| F|  |TAMS 0x0000000087f00000, 0x0000000087f00000| Untracked 
|  18|0x0000000088000000, 0x0000000088000000, 0x0000000088100000|  0%| F|  |TAMS 0x0000000088000000, 0x0000000088000000| Untracked 
|  19|0x0000000088100000, 0x0000000088100000, 0x0000000088200000|  0%| F|  |TAMS 0x0000000088100000, 0x0000000088100000| Untracked 
|  20|0x0000000088200000, 0x0000000088200000, 0x0000000088300000|  0%| F|  |TAMS 0x0000000088200000, 0x0000000088200000| Untracked 
|  21|0x0000000088300000, 0x0000000088300000, 0x0000000088400000|  0%| F|  |TAMS 0x0000000088300000, 0x0000000088300000| Untracked 
|  22|0x0000000088400000, 0x0000000088400000, 0x0000000088500000|  0%| F|  |TAMS 0x0000000088400000, 0x0000000088400000| Untracked 
|  23|0x0000000088500000, 0x0000000088500000, 0x0000000088600000|  0%| F|  |TAMS 0x0000000088500000, 0x0000000088500000| Untracked 
|  24|0x0000000088600000, 0x0000000088600000, 0x0000000088700000|  0%| F|  |TAMS 0x0000000088600000, 0x0000000088600000| Untracked 
|  25|0x0000000088700000, 0x0000000088700000, 0x0000000088800000|  0%| F|  |TAMS 0x0000000088700000, 0x0000000088700000| Untracked 
|  26|0x0000000088800000, 0x0000000088800000, 0x0000000088900000|  0%| F|  |TAMS 0x0000000088800000, 0x0000000088800000| Untracked 
|  27|0x0000000088900000, 0x0000000088900000, 0x0000000088a00000|  0%| F|  |TAMS 0x0000000088900000, 0x0000000088900000| Untracked 
|  28|0x0000000088a00000, 0x0000000088a00000, 0x0000000088b00000|  0%| F|  |TAMS 0x0000000088a00000, 0x0000000088a00000| Untracked 
|  29|0x0000000088b00000, 0x0000000088b00000, 0x0000000088c00000|  0%| F|  |TAMS 0x0000000088b00000, 0x0000000088b00000| Untracked 
|  30|0x0000000088c00000, 0x0000000088c00000, 0x0000000088d00000|  0%| F|  |TAMS 0x0000000088c00000, 0x0000000088c00000| Untracked 
|  31|0x0000000088d00000, 0x0000000088d00000, 0x0000000088e00000|  0%| F|  |TAMS 0x0000000088d00000, 0x0000000088d00000| Untracked 
|  32|0x0000000088e00000, 0x0000000088e00000, 0x0000000088f00000|  0%| F|  |TAMS 0x0000000088e00000, 0x0000000088e00000| Untracked 
|  33|0x0000000088f00000, 0x0000000088f00000, 0x0000000089000000|  0%| F|  |TAMS 0x0000000088f00000, 0x0000000088f00000| Untracked 
|  34|0x0000000089000000, 0x0000000089000000, 0x0000000089100000|  0%| F|  |TAMS 0x0000000089000000, 0x0000000089000000| Untracked 
|  35|0x0000000089100000, 0x0000000089100000, 0x0000000089200000|  0%| F|  |TAMS 0x0000000089100000, 0x0000000089100000| Untracked 
|  36|0x0000000089200000, 0x0000000089200000, 0x0000000089300000|  0%| F|  |TAMS 0x0000000089200000, 0x0000000089200000| Untracked 
|  37|0x0000000089300000, 0x0000000089300000, 0x0000000089400000|  0%| F|  |TAMS 0x0000000089300000, 0x0000000089300000| Untracked 
|  38|0x0000000089400000, 0x0000000089400000, 0x0000000089500000|  0%| F|  |TAMS 0x0000000089400000, 0x0000000089400000| Untracked 
|  39|0x0000000089500000, 0x0000000089500000, 0x0000000089600000|  0%| F|  |TAMS 0x0000000089500000, 0x0000000089500000| Untracked 
|  40|0x0000000089600000, 0x0000000089600000, 0x0000000089700000|  0%| F|  |TAMS 0x0000000089600000, 0x0000000089600000| Untracked 
|  41|0x0000000089700000, 0x0000000089700000, 0x0000000089800000|  0%| F|  |TAMS 0x0000000089700000, 0x0000000089700000| Untracked 
|  42|0x0000000089800000, 0x0000000089800000, 0x0000000089900000|  0%| F|  |TAMS 0x0000000089800000, 0x0000000089800000| Untracked 
|  43|0x0000000089900000, 0x0000000089900000, 0x0000000089a00000|  0%| F|  |TAMS 0x0000000089900000, 0x0000000089900000| Untracked 
|  44|0x0000000089a00000, 0x0000000089a00000, 0x0000000089b00000|  0%| F|  |TAMS 0x0000000089a00000, 0x0000000089a00000| Untracked 
|  45|0x0000000089b00000, 0x0000000089b00000, 0x0000000089c00000|  0%| F|  |TAMS 0x0000000089b00000, 0x0000000089b00000| Untracked 
|  46|0x0000000089c00000, 0x0000000089c00000, 0x0000000089d00000|  0%| F|  |TAMS 0x0000000089c00000, 0x0000000089c00000| Untracked 
|  47|0x0000000089d00000, 0x0000000089d00000, 0x0000000089e00000|  0%| F|  |TAMS 0x0000000089d00000, 0x0000000089d00000| Untracked 
|  48|0x0000000089e00000, 0x0000000089e00000, 0x0000000089f00000|  0%| F|  |TAMS 0x0000000089e00000, 0x0000000089e00000| Untracked 
|  49|0x0000000089f00000, 0x0000000089f00000, 0x000000008a000000|  0%| F|  |TAMS 0x0000000089f00000, 0x0000000089f00000| Untracked 
|  50|0x000000008a000000, 0x000000008a000000, 0x000000008a100000|  0%| F|  |TAMS 0x000000008a000000, 0x000000008a000000| Untracked 
|  51|0x000000008a100000, 0x000000008a100000, 0x000000008a200000|  0%| F|  |TAMS 0x000000008a100000, 0x000000008a100000| Untracked 
|  52|0x000000008a200000, 0x000000008a200000, 0x000000008a300000|  0%| F|  |TAMS 0x000000008a200000, 0x000000008a200000| Untracked 
|  53|0x000000008a300000, 0x000000008a300000, 0x000000008a400000|  0%| F|  |TAMS 0x000000008a300000, 0x000000008a300000| Untracked 
|  54|0x000000008a400000, 0x000000008a400000, 0x000000008a500000|  0%| F|  |TAMS 0x000000008a400000, 0x000000008a400000| Untracked 
|  55|0x000000008a500000, 0x000000008a500000, 0x000000008a600000|  0%| F|  |TAMS 0x000000008a500000, 0x000000008a500000| Untracked 
|  56|0x000000008a600000, 0x000000008a600000, 0x000000008a700000|  0%| F|  |TAMS 0x000000008a600000, 0x000000008a600000| Untracked 
|  57|0x000000008a700000, 0x000000008a700000, 0x000000008a800000|  0%| F|  |TAMS 0x000000008a700000, 0x000000008a700000| Untracked 
|  58|0x000000008a800000, 0x000000008a800000, 0x000000008a900000|  0%| F|  |TAMS 0x000000008a800000, 0x000000008a800000| Untracked 
|  59|0x000000008a900000, 0x000000008a900000, 0x000000008aa00000|  0%| F|  |TAMS 0x000000008a900000, 0x000000008a900000| Untracked 
|  60|0x000000008aa00000, 0x000000008aa00000, 0x000000008ab00000|  0%| F|  |TAMS 0x000000008aa00000, 0x000000008aa00000| Untracked 
|  61|0x000000008ab00000, 0x000000008ab00000, 0x000000008ac00000|  0%| F|  |TAMS 0x000000008ab00000, 0x000000008ab00000| Untracked 
|  62|0x000000008ac00000, 0x000000008ac00000, 0x000000008ad00000|  0%| F|  |TAMS 0x000000008ac00000, 0x000000008ac00000| Untracked 
|  63|0x000000008ad00000, 0x000000008ad00000, 0x000000008ae00000|  0%| F|  |TAMS 0x000000008ad00000, 0x000000008ad00000| Untracked 
|  64|0x000000008ae00000, 0x000000008ae00000, 0x000000008af00000|  0%| F|  |TAMS 0x000000008ae00000, 0x000000008ae00000| Untracked 
|  65|0x000000008af00000, 0x000000008af00000, 0x000000008b000000|  0%| F|  |TAMS 0x000000008af00000, 0x000000008af00000| Untracked 
|  66|0x000000008b000000, 0x000000008b000000, 0x000000008b100000|  0%| F|  |TAMS 0x000000008b000000, 0x000000008b000000| Untracked 
|  67|0x000000008b100000, 0x000000008b100000, 0x000000008b200000|  0%| F|  |TAMS 0x000000008b100000, 0x000000008b100000| Untracked 
|  68|0x000000008b200000, 0x000000008b200000, 0x000000008b300000|  0%| F|  |TAMS 0x000000008b200000, 0x000000008b200000| Untracked 
|  69|0x000000008b300000, 0x000000008b300000, 0x000000008b400000|  0%| F|  |TAMS 0x000000008b300000, 0x000000008b300000| Untracked 
|  70|0x000000008b400000, 0x000000008b400000, 0x000000008b500000|  0%| F|  |TAMS 0x000000008b400000, 0x000000008b400000| Untracked 
|  71|0x000000008b500000, 0x000000008b500000, 0x000000008b600000|  0%| F|  |TAMS 0x000000008b500000, 0x000000008b500000| Untracked 
|  72|0x000000008b600000, 0x000000008b600000, 0x000000008b700000|  0%| F|  |TAMS 0x000000008b600000, 0x000000008b600000| Untracked 
|  73|0x000000008b700000, 0x000000008b700000, 0x000000008b800000|  0%| F|  |TAMS 0x000000008b700000, 0x000000008b700000| Untracked 
|  74|0x000000008b800000, 0x000000008b800000, 0x000000008b900000|  0%| F|  |TAMS 0x000000008b800000, 0x000000008b800000| Untracked 
|  75|0x000000008b900000, 0x000000008b900000, 0x000000008ba00000|  0%| F|  |TAMS 0x000000008b900000, 0x000000008b900000| Untracked 
|  76|0x000000008ba00000, 0x000000008ba00000, 0x000000008bb00000|  0%| F|  |TAMS 0x000000008ba00000, 0x000000008ba00000| Untracked 
|  77|0x000000008bb00000, 0x000000008bb00000, 0x000000008bc00000|  0%| F|  |TAMS 0x000000008bb00000, 0x000000008bb00000| Untracked 
|  78|0x000000008bc00000, 0x000000008bc00000, 0x000000008bd00000|  0%| F|  |TAMS 0x000000008bc00000, 0x000000008bc00000| Untracked 
|  79|0x000000008bd00000, 0x000000008bd00000, 0x000000008be00000|  0%| F|  |TAMS 0x000000008bd00000, 0x000000008bd00000| Untracked 
|  80|0x000000008be00000, 0x000000008be00000, 0x000000008bf00000|  0%| F|  |TAMS 0x000000008be00000, 0x000000008be00000| Untracked 
|  81|0x000000008bf00000, 0x000000008bf00000, 0x000000008c000000|  0%| F|  |TAMS 0x000000008bf00000, 0x000000008bf00000| Untracked 
|  82|0x000000008c000000, 0x000000008c000000, 0x000000008c100000|  0%| F|  |TAMS 0x000000008c000000, 0x000000008c000000| Untracked 
|  83|0x000000008c100000, 0x000000008c100000, 0x000000008c200000|  0%| F|  |TAMS 0x000000008c100000, 0x000000008c100000| Untracked 
|  84|0x000000008c200000, 0x000000008c200000, 0x000000008c300000|  0%| F|  |TAMS 0x000000008c200000, 0x000000008c200000| Untracked 
|  85|0x000000008c300000, 0x000000008c300000, 0x000000008c400000|  0%| F|  |TAMS 0x000000008c300000, 0x000000008c300000| Untracked 
|  86|0x000000008c400000, 0x000000008c400000, 0x000000008c500000|  0%| F|  |TAMS 0x000000008c400000, 0x000000008c400000| Untracked 
|  87|0x000000008c500000, 0x000000008c500000, 0x000000008c600000|  0%| F|  |TAMS 0x000000008c500000, 0x000000008c500000| Untracked 
|  88|0x000000008c600000, 0x000000008c600000, 0x000000008c700000|  0%| F|  |TAMS 0x000000008c600000, 0x000000008c600000| Untracked 
|  89|0x000000008c700000, 0x000000008c700000, 0x000000008c800000|  0%| F|  |TAMS 0x000000008c700000, 0x000000008c700000| Untracked 
|  90|0x000000008c800000, 0x000000008c800000, 0x000000008c900000|  0%| F|  |TAMS 0x000000008c800000, 0x000000008c800000| Untracked 
|  91|0x000000008c900000, 0x000000008c900000, 0x000000008ca00000|  0%| F|  |TAMS 0x000000008c900000, 0x000000008c900000| Untracked 
|  92|0x000000008ca00000, 0x000000008ca00000, 0x000000008cb00000|  0%| F|  |TAMS 0x000000008ca00000, 0x000000008ca00000| Untracked 
|  93|0x000000008cb00000, 0x000000008cb00000, 0x000000008cc00000|  0%| F|  |TAMS 0x000000008cb00000, 0x000000008cb00000| Untracked 
|  94|0x000000008cc00000, 0x000000008cc00000, 0x000000008cd00000|  0%| F|  |TAMS 0x000000008cc00000, 0x000000008cc00000| Untracked 
|  95|0x000000008cd00000, 0x000000008cd00000, 0x000000008ce00000|  0%| F|  |TAMS 0x000000008cd00000, 0x000000008cd00000| Untracked 
|  96|0x000000008ce00000, 0x000000008ce00000, 0x000000008cf00000|  0%| F|  |TAMS 0x000000008ce00000, 0x000000008ce00000| Untracked 
|  97|0x000000008cf00000, 0x000000008cf00000, 0x000000008d000000|  0%| F|  |TAMS 0x000000008cf00000, 0x000000008cf00000| Untracked 
|  98|0x000000008d000000, 0x000000008d000000, 0x000000008d100000|  0%| F|  |TAMS 0x000000008d000000, 0x000000008d000000| Untracked 
|  99|0x000000008d100000, 0x000000008d100000, 0x000000008d200000|  0%| F|  |TAMS 0x000000008d100000, 0x000000008d100000| Untracked 
| 100|0x000000008d200000, 0x000000008d200000, 0x000000008d300000|  0%| F|  |TAMS 0x000000008d200000, 0x000000008d200000| Untracked 
| 101|0x000000008d300000, 0x000000008d300000, 0x000000008d400000|  0%| F|  |TAMS 0x000000008d300000, 0x000000008d300000| Untracked 
| 102|0x000000008d400000, 0x000000008d400000, 0x000000008d500000|  0%| F|  |TAMS 0x000000008d400000, 0x000000008d400000| Untracked 
| 103|0x000000008d500000, 0x000000008d500000, 0x000000008d600000|  0%| F|  |TAMS 0x000000008d500000, 0x000000008d500000| Untracked 
| 104|0x000000008d600000, 0x000000008d600000, 0x000000008d700000|  0%| F|  |TAMS 0x000000008d600000, 0x000000008d600000| Untracked 
| 105|0x000000008d700000, 0x000000008d700000, 0x000000008d800000|  0%| F|  |TAMS 0x000000008d700000, 0x000000008d700000| Untracked 
| 106|0x000000008d800000, 0x000000008d800000, 0x000000008d900000|  0%| F|  |TAMS 0x000000008d800000, 0x000000008d800000| Untracked 
| 107|0x000000008d900000, 0x000000008d900000, 0x000000008da00000|  0%| F|  |TAMS 0x000000008d900000, 0x000000008d900000| Untracked 
| 108|0x000000008da00000, 0x000000008da00000, 0x000000008db00000|  0%| F|  |TAMS 0x000000008da00000, 0x000000008da00000| Untracked 
| 109|0x000000008db00000, 0x000000008db00000, 0x000000008dc00000|  0%| F|  |TAMS 0x000000008db00000, 0x000000008db00000| Untracked 
| 110|0x000000008dc00000, 0x000000008dc00000, 0x000000008dd00000|  0%| F|  |TAMS 0x000000008dc00000, 0x000000008dc00000| Untracked 
| 111|0x000000008dd00000, 0x000000008dd00000, 0x000000008de00000|  0%| F|  |TAMS 0x000000008dd00000, 0x000000008dd00000| Untracked 
| 112|0x000000008de00000, 0x000000008de00000, 0x000000008df00000|  0%| F|  |TAMS 0x000000008de00000, 0x000000008de00000| Untracked 
| 113|0x000000008df00000, 0x000000008df00000, 0x000000008e000000|  0%| F|  |TAMS 0x000000008df00000, 0x000000008df00000| Untracked 
| 114|0x000000008e000000, 0x000000008e000000, 0x000000008e100000|  0%| F|  |TAMS 0x000000008e000000, 0x000000008e000000| Untracked 
| 115|0x000000008e100000, 0x000000008e100000, 0x000000008e200000|  0%| F|  |TAMS 0x000000008e100000, 0x000000008e100000| Untracked 
| 116|0x000000008e200000, 0x000000008e200000, 0x000000008e300000|  0%| F|  |TAMS 0x000000008e200000, 0x000000008e200000| Untracked 
| 117|0x000000008e300000, 0x000000008e300000, 0x000000008e400000|  0%| F|  |TAMS 0x000000008e300000, 0x000000008e300000| Untracked 
| 118|0x000000008e400000, 0x000000008e400000, 0x000000008e500000|  0%| F|  |TAMS 0x000000008e400000, 0x000000008e400000| Untracked 
| 119|0x000000008e500000, 0x000000008e500000, 0x000000008e600000|  0%| F|  |TAMS 0x000000008e500000, 0x000000008e500000| Untracked 
| 120|0x000000008e600000, 0x000000008e600000, 0x000000008e700000|  0%| F|  |TAMS 0x000000008e600000, 0x000000008e600000| Untracked 
| 121|0x000000008e700000, 0x000000008e700000, 0x000000008e800000|  0%| F|  |TAMS 0x000000008e700000, 0x000000008e700000| Untracked 
| 122|0x000000008e800000, 0x000000008e800000, 0x000000008e900000|  0%| F|  |TAMS 0x000000008e800000, 0x000000008e800000| Untracked 
| 123|0x000000008e900000, 0x000000008e900000, 0x000000008ea00000|  0%| F|  |TAMS 0x000000008e900000, 0x000000008e900000| Untracked 
| 124|0x000000008ea00000, 0x000000008ea00000, 0x000000008eb00000|  0%| F|  |TAMS 0x000000008ea00000, 0x000000008ea00000| Untracked 
| 125|0x000000008eb00000, 0x000000008eb00000, 0x000000008ec00000|  0%| F|  |TAMS 0x000000008eb00000, 0x000000008eb00000| Untracked 
| 126|0x000000008ec00000, 0x000000008ec00000, 0x000000008ed00000|  0%| F|  |TAMS 0x000000008ec00000, 0x000000008ec00000| Untracked 
| 127|0x000000008ed00000, 0x000000008ed00000, 0x000000008ee00000|  0%| F|  |TAMS 0x000000008ed00000, 0x000000008ed00000| Untracked 
| 128|0x000000008ee00000, 0x000000008ee00000, 0x000000008ef00000|  0%| F|  |TAMS 0x000000008ee00000, 0x000000008ee00000| Untracked 
| 129|0x000000008ef00000, 0x000000008ef00000, 0x000000008f000000|  0%| F|  |TAMS 0x000000008ef00000, 0x000000008ef00000| Untracked 
| 130|0x000000008f000000, 0x000000008f000000, 0x000000008f100000|  0%| F|  |TAMS 0x000000008f000000, 0x000000008f000000| Untracked 
| 131|0x000000008f100000, 0x000000008f100000, 0x000000008f200000|  0%| F|  |TAMS 0x000000008f100000, 0x000000008f100000| Untracked 
| 132|0x000000008f200000, 0x000000008f200000, 0x000000008f300000|  0%| F|  |TAMS 0x000000008f200000, 0x000000008f200000| Untracked 
| 133|0x000000008f300000, 0x000000008f300000, 0x000000008f400000|  0%| F|  |TAMS 0x000000008f300000, 0x000000008f300000| Untracked 
| 134|0x000000008f400000, 0x000000008f400000, 0x000000008f500000|  0%| F|  |TAMS 0x000000008f400000, 0x000000008f400000| Untracked 
| 135|0x000000008f500000, 0x000000008f500000, 0x000000008f600000|  0%| F|  |TAMS 0x000000008f500000, 0x000000008f500000| Untracked 
| 136|0x000000008f600000, 0x000000008f600000, 0x000000008f700000|  0%| F|  |TAMS 0x000000008f600000, 0x000000008f600000| Untracked 
| 137|0x000000008f700000, 0x000000008f700000, 0x000000008f800000|  0%| F|  |TAMS 0x000000008f700000, 0x000000008f700000| Untracked 
| 138|0x000000008f800000, 0x000000008f800000, 0x000000008f900000|  0%| F|  |TAMS 0x000000008f800000, 0x000000008f800000| Untracked 
| 139|0x000000008f900000, 0x000000008f900000, 0x000000008fa00000|  0%| F|  |TAMS 0x000000008f900000, 0x000000008f900000| Untracked 
| 140|0x000000008fa00000, 0x000000008fa00000, 0x000000008fb00000|  0%| F|  |TAMS 0x000000008fa00000, 0x000000008fa00000| Untracked 
| 141|0x000000008fb00000, 0x000000008fb00000, 0x000000008fc00000|  0%| F|  |TAMS 0x000000008fb00000, 0x000000008fb00000| Untracked 
| 142|0x000000008fc00000, 0x000000008fc00000, 0x000000008fd00000|  0%| F|  |TAMS 0x000000008fc00000, 0x000000008fc00000| Untracked 
| 143|0x000000008fd00000, 0x000000008fd00000, 0x000000008fe00000|  0%| F|  |TAMS 0x000000008fd00000, 0x000000008fd00000| Untracked 
| 144|0x000000008fe00000, 0x000000008fe00000, 0x000000008ff00000|  0%| F|  |TAMS 0x000000008fe00000, 0x000000008fe00000| Untracked 
| 145|0x000000008ff00000, 0x000000008ff00000, 0x0000000090000000|  0%| F|  |TAMS 0x000000008ff00000, 0x000000008ff00000| Untracked 
| 146|0x0000000090000000, 0x00000000900eada0, 0x0000000090100000| 91%| S|CS|TAMS 0x0000000090000000, 0x0000000090000000| Complete 
| 147|0x0000000090100000, 0x0000000090200000, 0x0000000090200000|100%| S|CS|TAMS 0x0000000090100000, 0x0000000090100000| Complete 
| 148|0x0000000090200000, 0x0000000090300000, 0x0000000090300000|100%| S|CS|TAMS 0x0000000090200000, 0x0000000090200000| Complete 
| 149|0x0000000090300000, 0x0000000090400000, 0x0000000090400000|100%| S|CS|TAMS 0x0000000090300000, 0x0000000090300000| Complete 
| 150|0x0000000090400000, 0x0000000090500000, 0x0000000090500000|100%| S|CS|TAMS 0x0000000090400000, 0x0000000090400000| Complete 
| 151|0x0000000090500000, 0x0000000090600000, 0x0000000090600000|100%| S|CS|TAMS 0x0000000090500000, 0x0000000090500000| Complete 
| 152|0x0000000090600000, 0x0000000090700000, 0x0000000090700000|100%| S|CS|TAMS 0x0000000090600000, 0x0000000090600000| Complete 
| 153|0x0000000090700000, 0x0000000090700000, 0x0000000090800000|  0%| F|  |TAMS 0x0000000090700000, 0x0000000090700000| Untracked 
| 154|0x0000000090800000, 0x0000000090800000, 0x0000000090900000|  0%| F|  |TAMS 0x0000000090800000, 0x0000000090800000| Untracked 
| 155|0x0000000090900000, 0x0000000090900000, 0x0000000090a00000|  0%| F|  |TAMS 0x0000000090900000, 0x0000000090900000| Untracked 
| 156|0x0000000090a00000, 0x0000000090a00000, 0x0000000090b00000|  0%| F|  |TAMS 0x0000000090a00000, 0x0000000090a00000| Untracked 
| 157|0x0000000090b00000, 0x0000000090b00000, 0x0000000090c00000|  0%| F|  |TAMS 0x0000000090b00000, 0x0000000090b00000| Untracked 
| 158|0x0000000090c00000, 0x0000000090c00000, 0x0000000090d00000|  0%| F|  |TAMS 0x0000000090c00000, 0x0000000090c00000| Untracked 
| 159|0x0000000090d00000, 0x0000000090d00000, 0x0000000090e00000|  0%| F|  |TAMS 0x0000000090d00000, 0x0000000090d00000| Untracked 
| 160|0x0000000090e00000, 0x0000000090e00000, 0x0000000090f00000|  0%| F|  |TAMS 0x0000000090e00000, 0x0000000090e00000| Untracked 
| 161|0x0000000090f00000, 0x0000000090f00000, 0x0000000091000000|  0%| F|  |TAMS 0x0000000090f00000, 0x0000000090f00000| Untracked 
| 162|0x0000000091000000, 0x0000000091000000, 0x0000000091100000|  0%| F|  |TAMS 0x0000000091000000, 0x0000000091000000| Untracked 
| 163|0x0000000091100000, 0x0000000091100000, 0x0000000091200000|  0%| F|  |TAMS 0x0000000091100000, 0x0000000091100000| Untracked 
| 164|0x0000000091200000, 0x0000000091200000, 0x0000000091300000|  0%| F|  |TAMS 0x0000000091200000, 0x0000000091200000| Untracked 
| 165|0x0000000091300000, 0x0000000091300000, 0x0000000091400000|  0%| F|  |TAMS 0x0000000091300000, 0x0000000091300000| Untracked 
| 166|0x0000000091400000, 0x0000000091400000, 0x0000000091500000|  0%| F|  |TAMS 0x0000000091400000, 0x0000000091400000| Untracked 
| 167|0x0000000091500000, 0x0000000091500000, 0x0000000091600000|  0%| F|  |TAMS 0x0000000091500000, 0x0000000091500000| Untracked 
| 168|0x0000000091600000, 0x0000000091600000, 0x0000000091700000|  0%| F|  |TAMS 0x0000000091600000, 0x0000000091600000| Untracked 
| 169|0x0000000091700000, 0x0000000091700000, 0x0000000091800000|  0%| F|  |TAMS 0x0000000091700000, 0x0000000091700000| Untracked 
| 170|0x0000000091800000, 0x0000000091800000, 0x0000000091900000|  0%| F|  |TAMS 0x0000000091800000, 0x0000000091800000| Untracked 
| 171|0x0000000091900000, 0x0000000091900000, 0x0000000091a00000|  0%| F|  |TAMS 0x0000000091900000, 0x0000000091900000| Untracked 
| 172|0x0000000091a00000, 0x0000000091a00000, 0x0000000091b00000|  0%| F|  |TAMS 0x0000000091a00000, 0x0000000091a00000| Untracked 
| 173|0x0000000091b00000, 0x0000000091b00000, 0x0000000091c00000|  0%| F|  |TAMS 0x0000000091b00000, 0x0000000091b00000| Untracked 
| 174|0x0000000091c00000, 0x0000000091c00000, 0x0000000091d00000|  0%| F|  |TAMS 0x0000000091c00000, 0x0000000091c00000| Untracked 
| 175|0x0000000091d00000, 0x0000000091d00000, 0x0000000091e00000|  0%| F|  |TAMS 0x0000000091d00000, 0x0000000091d00000| Untracked 
| 176|0x0000000091e00000, 0x0000000091e00000, 0x0000000091f00000|  0%| F|  |TAMS 0x0000000091e00000, 0x0000000091e00000| Untracked 

Card table byte_map: [0x0000012e72450000,0x0000012e72820000] _byte_map_base: 0x0000012e72019000

Marking Bits (Prev, Next): (CMBitMap*) 0x0000012e5ac27aa8, (CMBitMap*) 0x0000012e5ac27ae0
 Prev Bits: [0x0000012e72bf0000, 0x0000012e74a38000)
 Next Bits: [0x0000012e74a40000, 0x0000012e76888000)

Polling page: 0x0000012e5a3b0000

Metaspace:

Usage:
  Non-class:     51.58 MB capacity,    50.51 MB ( 98%) used,   889.60 KB (  2%) free+waste,   208.19 KB ( <1%) overhead. 
      Class:      8.24 MB capacity,     7.55 MB ( 92%) used,   608.90 KB (  7%) free+waste,   101.50 KB (  1%) overhead. 
       Both:     59.82 MB capacity,    58.06 MB ( 97%) used,     1.46 MB (  2%) free+waste,   309.69 KB ( <1%) overhead. 

Virtual space:
  Non-class space:       64.00 MB reserved,      51.58 MB ( 81%) committed 
      Class space:        1.00 GB reserved,       8.25 MB ( <1%) committed 
             Both:        1.06 GB reserved,      59.83 MB (  5%) committed 

Chunk freelists:
   Non-Class:  0 bytes
       Class:  0 bytes
        Both:  0 bytes

CodeHeap 'non-profiled nmethods': size=238912Kb used=7574Kb max_used=7574Kb free=231337Kb
 bounds [0x0000012e63730000, 0x0000012e63ea0000, 0x0000012e72080000]
CodeHeap 'non-nmethods': size=6848Kb used=1319Kb max_used=1319Kb free=5528Kb
 bounds [0x0000012e63080000, 0x0000012e632f0000, 0x0000012e63730000]
 total_blobs=5277 nmethods=4665 adapters=546
 compilation: enabled
              stopped_count=0, restarted_count=0
 full_count=0

Compilation events (10 events):
Event: 8.491 Thread 0x0000012e78db4800 nmethod 4661 0x0000012e63e94610 code [0x0000012e63e94800, 0x0000012e63e94ba8]
Event: 8.491 Thread 0x0000012e78db4800 4663       1       java.util.Optional::orElseGet (21 bytes)
Event: 8.491 Thread 0x0000012e78db4800 nmethod 4663 0x0000012e63e94d90 code [0x0000012e63e94f40, 0x0000012e63e95048]
Event: 8.491 Thread 0x0000012e78db4800 4662       1       java.util.Spliterators$ArraySpliterator::estimateSize (11 bytes)
Event: 8.491 Thread 0x0000012e78db4800 nmethod 4662 0x0000012e63e95110 code [0x0000012e63e952a0, 0x0000012e63e95358]
Event: 8.491 Thread 0x0000012e78db4800 4664       1       org.springframework.data.util.Lazy::<init> (20 bytes)
Event: 8.491 Thread 0x0000012e78db4800 nmethod 4664 0x0000012e63e95410 code [0x0000012e63e955a0, 0x0000012e63e956f8]
Event: 8.491 Thread 0x0000012e78db4800 4665       1       org.springframework.data.util.Lazy::<init> (8 bytes)
Event: 8.491 Thread 0x0000012e78db4800 nmethod 4665 0x0000012e63e95790 code [0x0000012e63e95920, 0x0000012e63e95a58]
Event: 8.491 Thread 0x0000012e78db4800 4666       1       org.springframework.data.util.Lazy::of (9 bytes)

GC Heap History (10 events):
Event: 5.782 GC heap before
{Heap before GC invocations=9 (full 0):
 garbage-first heap   total 150528K, used 94626K [0x0000000086e00000, 0x0000000100000000)
  region size 1024K, 88 young (90112K), 7 survivors (7168K)
 Metaspace       used 36833K, capacity 38223K, committed 38448K, reserved 1083392K
  class space    used 4654K, capacity 5220K, committed 5248K, reserved 1048576K
}
Event: 5.800 GC heap after
{Heap after GC invocations=10 (full 0):
 garbage-first heap   total 150528K, used 16635K [0x0000000086e00000, 0x0000000100000000)
  region size 1024K, 10 young (10240K), 10 survivors (10240K)
 Metaspace       used 36833K, capacity 38223K, committed 38448K, reserved 1083392K
  class space    used 4654K, capacity 5220K, committed 5248K, reserved 1048576K
}
Event: 5.983 GC heap before
{Heap before GC invocations=10 (full 0):
 garbage-first heap   total 150528K, used 95483K [0x0000000086e00000, 0x0000000100000000)
  region size 1024K, 88 young (90112K), 10 survivors (10240K)
 Metaspace       used 37787K, capacity 39168K, committed 39344K, reserved 1083392K
  class space    used 4763K, capacity 5343K, committed 5376K, reserved 1048576K
}
Event: 5.996 GC heap after
{Heap after GC invocations=11 (full 0):
 garbage-first heap   total 150528K, used 17166K [0x0000000086e00000, 0x0000000100000000)
  region size 1024K, 7 young (7168K), 7 survivors (7168K)
 Metaspace       used 37787K, capacity 39168K, committed 39344K, reserved 1083392K
  class space    used 4763K, capacity 5343K, committed 5376K, reserved 1048576K
}
Event: 6.772 GC heap before
{Heap before GC invocations=11 (full 0):
 garbage-first heap   total 150528K, used 67342K [0x0000000086e00000, 0x0000000100000000)
  region size 1024K, 57 young (58368K), 7 survivors (7168K)
 Metaspace       used 44575K, capacity 46062K, committed 46160K, reserved 1089536K
  class space    used 5725K, capacity 6349K, committed 6400K, reserved 1048576K
}
Event: 6.786 GC heap after
{Heap after GC invocations=12 (full 0):
 garbage-first heap   total 150528K, used 19618K [0x0000000086e00000, 0x0000000100000000)
  region size 1024K, 8 young (8192K), 8 survivors (8192K)
 Metaspace       used 44575K, capacity 46062K, committed 46160K, reserved 1089536K
  class space    used 5725K, capacity 6349K, committed 6400K, reserved 1048576K
}
Event: 8.030 GC heap before
{Heap before GC invocations=13 (full 0):
 garbage-first heap   total 150528K, used 101538K [0x0000000086e00000, 0x0000000100000000)
  region size 1024K, 88 young (90112K), 8 survivors (8192K)
 Metaspace       used 56342K, capacity 57922K, committed 58064K, reserved 1099776K
  class space    used 7344K, capacity 7989K, committed 8064K, reserved 1048576K
}
Event: 8.048 GC heap after
{Heap after GC invocations=14 (full 0):
 garbage-first heap   total 181248K, used 22305K [0x0000000086e00000, 0x0000000100000000)
  region size 1024K, 6 young (6144K), 6 survivors (6144K)
 Metaspace       used 56342K, capacity 57922K, committed 58064K, reserved 1099776K
  class space    used 7344K, capacity 7989K, committed 8064K, reserved 1048576K
}
Event: 8.492 GC heap before
{Heap before GC invocations=15 (full 0):
 garbage-first heap   total 181248K, used 45857K [0x0000000086e00000, 0x0000000100000000)
  region size 1024K, 30 young (30720K), 6 survivors (6144K)
 Metaspace       used 59448K, capacity 61257K, committed 61264K, reserved 1112064K
  class space    used 7730K, capacity 8441K, committed 8448K, reserved 1048576K
}
Event: 8.505 GC heap after
{Heap after GC invocations=16 (full 0):
 garbage-first heap   total 181248K, used 23247K [0x0000000086e00000, 0x0000000100000000)
  region size 1024K, 7 young (7168K), 7 survivors (7168K)
 Metaspace       used 59448K, capacity 61257K, committed 61264K, reserved 1112064K
  class space    used 7730K, capacity 8441K, committed 8448K, reserved 1048576K
}

Deoptimization events (0 events):
No events

Classes redefined (0 events):
No events

Internal exceptions (10 events):
Event: 8.242 Thread 0x0000012e7add1000 Exception <a 'java/lang/ClassNotFoundException'{0x0000000091536908}: org/springframework/beans/factory/AwareCustomizer> (0x0000000091536908) thrown at [./open/src/hotspot/share/classfile/systemDictionary.cpp, line 228]
Event: 8.248 Thread 0x0000012e7add1000 Exception <a 'java/lang/ClassNotFoundException'{0x0000000091574810}: java/lang/ObjectCustomizer> (0x0000000091574810) thrown at [./open/src/hotspot/share/classfile/systemDictionary.cpp, line 228]
Event: 8.249 Thread 0x0000012e7add1000 Exception <a 'java/lang/ClassNotFoundException'{0x000000009158ea20}: org/springframework/core/io/support/PropertiesLoaderSupportCustomizer> (0x000000009158ea20) thrown at [./open/src/hotspot/share/classfile/systemDictionary.cpp, line 228]
Event: 8.251 Thread 0x0000012e7add1000 Exception <a 'java/lang/ClassNotFoundException'{0x00000000915ae5f8}: org/springframework/beans/factory/config/PropertiesFactoryBeanCustomizer> (0x00000000915ae5f8) thrown at [./open/src/hotspot/share/classfile/systemDictionary.cpp, line 228]
Event: 8.254 Thread 0x0000012e7add1000 Exception <a 'java/lang/ClassNotFoundException'{0x00000000915d38c0}: org/springframework/beans/factory/FactoryBeanCustomizer> (0x00000000915d38c0) thrown at [./open/src/hotspot/share/classfile/systemDictionary.cpp, line 228]
Event: 8.255 Thread 0x0000012e7add1000 Exception <a 'java/lang/ClassNotFoundException'{0x00000000915eb9f8}: org/springframework/beans/factory/InitializingBeanCustomizer> (0x00000000915eb9f8) thrown at [./open/src/hotspot/share/classfile/systemDictionary.cpp, line 228]
Event: 8.349 Thread 0x0000012e7add1000 Exception <a 'java/lang/IncompatibleClassChangeError'{0x0000000090e26428}: Found class java.lang.Object, but interface was expected> (0x0000000090e26428) thrown at [./open/src/hotspot/share/interpreter/linkResolver.cpp, line 838]
Event: 8.455 Thread 0x0000012e7add1000 Exception <a 'java/lang/ClassNotFoundException'{0x00000000909ae970}: java/lang/ObjectCustomizer> (0x00000000909ae970) thrown at [./open/src/hotspot/share/classfile/systemDictionary.cpp, line 228]
Event: 8.456 Thread 0x0000012e7add1000 Exception <a 'java/lang/ClassNotFoundException'{0x00000000909c5cd0}: com/example/bai_1/model/BookCustomizer> (0x00000000909c5cd0) thrown at [./open/src/hotspot/share/classfile/systemDictionary.cpp, line 228]
Event: 8.483 Thread 0x0000012e7add1000 Exception <a 'java/lang/NoSuchMethodError'{0x00000000907135f8}: java.lang.invoke.DirectMethodHandle$Holder.invokeVirtual(Ljava/lang/Object;Ljava/lang/Object;Ljava/lang/Object;)I> (0x00000000907135f8) thrown at [./open/src/hotspot/share/interpreter/linkRes

Events (10 events):
Event: 8.487 loading class javax/persistence/metamodel/EntityType done
Event: 8.488 loading class javax/persistence/metamodel/SingularAttribute
Event: 8.488 loading class javax/persistence/metamodel/SingularAttribute done
Event: 8.488 loading class javax/persistence/metamodel/SingularAttribute
Event: 8.488 loading class javax/persistence/metamodel/SingularAttribute done
Event: 8.488 loading class javax/persistence/metamodel/SingularAttribute
Event: 8.488 loading class javax/persistence/metamodel/SingularAttribute done
Event: 8.488 loading class javax/persistence/metamodel/SingularAttribute
Event: 8.488 loading class javax/persistence/metamodel/SingularAttribute done
Event: 8.492 Executing VM operation: CollectForMetadataAllocation


Dynamic libraries:
0x00007ff6e87d0000 - 0x00007ff6e87df000 	C:\Program Files\Java\jdk-11.0.11\bin\java.exe
0x00007ff9d9210000 - 0x00007ff9d93eb000 	C:\Windows\SYSTEM32\ntdll.dll
0x00007ff9d9160000 - 0x00007ff9d920e000 	C:\Windows\System32\KERNEL32.DLL
0x00007ff9d6520000 - 0x00007ff9d676a000 	C:\Windows\System32\KERNELBASE.dll
0x00007ff9d6400000 - 0x00007ff9d64f6000 	C:\Windows\System32\ucrtbase.dll
0x00007ff9abd10000 - 0x00007ff9abd25000 	C:\Program Files\Java\jdk-11.0.11\bin\VCRUNTIME140.dll
0x00007ff9ae470000 - 0x00007ff9ae488000 	C:\Program Files\Java\jdk-11.0.11\bin\jli.dll
0x00007ff9d7410000 - 0x00007ff9d74b1000 	C:\Windows\System32\ADVAPI32.dll
0x00007ff9d6f30000 - 0x00007ff9d6fcd000 	C:\Windows\System32\msvcrt.dll
0x00007ff9d9100000 - 0x00007ff9d9159000 	C:\Windows\System32\sechost.dll
0x00007ff9d8ad0000 - 0x00007ff9d8bf5000 	C:\Windows\System32\RPCRT4.dll
0x00007ff9d6c50000 - 0x00007ff9d6d9a000 	C:\Windows\System32\USER32.dll
0x00007ff9d6500000 - 0x00007ff9d651e000 	C:\Windows\System32\win32u.dll
0x00007ff9ce380000 - 0x00007ff9ce5e7000 	C:\Windows\WinSxS\amd64_microsoft.windows.common-controls_6595b64144ccf1df_6.0.15063.1155_none_40c7922129a7722b\COMCTL32.dll
0x00007ff9d6ad0000 - 0x00007ff9d6af7000 	C:\Windows\System32\GDI32.dll
0x00007ff9d6770000 - 0x00007ff9d6a69000 	C:\Windows\System32\combase.dll
0x00007ff9d5aa0000 - 0x00007ff9d5c28000 	C:\Windows\System32\gdi32full.dll
0x00007ff9d6390000 - 0x00007ff9d63fa000 	C:\Windows\System32\bcryptPrimitives.dll
0x00007ff9d5730000 - 0x00007ff9d57ca000 	C:\Windows\System32\msvcp_win.dll
0x00007ff9cd5b0000 - 0x00007ff9cd5ba000 	C:\Windows\SYSTEM32\VERSION.dll
0x00007ff9d6e60000 - 0x00007ff9d6e8d000 	C:\Windows\System32\IMM32.DLL
0x00007ff9abc70000 - 0x00007ff9abd0b000 	C:\Program Files\Java\jdk-11.0.11\bin\msvcp140.dll
0x00007ff991490000 - 0x00007ff991f8e000 	C:\Program Files\Java\jdk-11.0.11\bin\server\jvm.dll
0x00007ff9d8d70000 - 0x00007ff9d8d78000 	C:\Windows\System32\PSAPI.DLL
0x00007ff9ca250000 - 0x00007ff9ca259000 	C:\Windows\SYSTEM32\WSOCK32.dll
0x00007ff9d74c0000 - 0x00007ff9d752c000 	C:\Windows\System32\WS2_32.dll
0x00007ff9cf5f0000 - 0x00007ff9cf613000 	C:\Windows\SYSTEM32\WINMM.dll
0x00007ff9cf5c0000 - 0x00007ff9cf5eb000 	C:\Windows\SYSTEM32\WINMMBASE.dll
0x00007ff9d5a50000 - 0x00007ff9d5a99000 	C:\Windows\System32\cfgmgr32.dll
0x00007ff9d56a0000 - 0x00007ff9d56b1000 	C:\Windows\System32\kernel.appcore.dll
0x00007ff9c0d20000 - 0x00007ff9c0d30000 	C:\Program Files\Java\jdk-11.0.11\bin\verify.dll
0x00007ff9cbbc0000 - 0x00007ff9cbd69000 	C:\Windows\SYSTEM32\DBGHELP.DLL
0x00007ff9cbb80000 - 0x00007ff9cbba9000 	C:\Windows\SYSTEM32\dbgcore.DLL
0x00007ff9abc40000 - 0x00007ff9abc68000 	C:\Program Files\Java\jdk-11.0.11\bin\java.dll
0x00007ff9c04c0000 - 0x00007ff9c04ca000 	C:\Program Files\Java\jdk-11.0.11\bin\jimage.dll
0x00007ff9ba230000 - 0x00007ff9ba268000 	C:\Program Files\Java\jdk-11.0.11\bin\jdwp.dll
0x00007ff9bfda0000 - 0x00007ff9bfdae000 	C:\Program Files\Java\jdk-11.0.11\bin\instrument.dll
0x00007ff9ab330000 - 0x00007ff9ab346000 	C:\Program Files\Java\jdk-11.0.11\bin\zip.dll
0x00007ff9d7530000 - 0x00007ff9d8968000 	C:\Windows\System32\SHELL32.dll
0x00007ff9d8980000 - 0x00007ff9d8a2a000 	C:\Windows\System32\shcore.dll
0x00007ff9d5c30000 - 0x00007ff9d6321000 	C:\Windows\System32\windows.storage.dll
0x00007ff9d8ef0000 - 0x00007ff9d8f41000 	C:\Windows\System32\shlwapi.dll
0x00007ff9d56e0000 - 0x00007ff9d572c000 	C:\Windows\System32\powrprof.dll
0x00007ff9d5680000 - 0x00007ff9d5695000 	C:\Windows\System32\profapi.dll
0x00007ff9cf120000 - 0x00007ff9cf12a000 	C:\Program Files\Java\jdk-11.0.11\bin\dt_socket.dll
0x00007ff9d4f90000 - 0x00007ff9d4fec000 	C:\Windows\system32\mswsock.dll
0x00007ff9c02a0000 - 0x00007ff9c02b9000 	C:\Program Files\Java\jdk-11.0.11\bin\net.dll
0x00007ff9cef00000 - 0x00007ff9cefd6000 	C:\Windows\SYSTEM32\WINHTTP.dll
0x00007ff9bf990000 - 0x00007ff9bf9a2000 	C:\Program Files\Java\jdk-11.0.11\bin\nio.dll
0x00007ff9d4d70000 - 0x00007ff9d4e14000 	C:\Windows\SYSTEM32\DNSAPI.dll
0x00007ff9d8970000 - 0x00007ff9d8978000 	C:\Windows\System32\NSI.dll
0x00007ff9d4d30000 - 0x00007ff9d4d67000 	C:\Windows\SYSTEM32\IPHLPAPI.DLL
0x00007ff9ce070000 - 0x00007ff9ce07a000 	C:\Windows\System32\rasadhlp.dll
0x00007ff9cefe0000 - 0x00007ff9cf04b000 	C:\Windows\System32\fwpuclnt.dll
0x00007ff9d5240000 - 0x00007ff9d5265000 	C:\Windows\SYSTEM32\bcrypt.dll
0x00007ff9c54b0000 - 0x00007ff9c54b9000 	C:\Program Files\Java\jdk-11.0.11\bin\management.dll
0x00007ff9c4bd0000 - 0x00007ff9c4bdb000 	C:\Program Files\Java\jdk-11.0.11\bin\management_ext.dll
0x00007ff9d5130000 - 0x00007ff9d5147000 	C:\Windows\SYSTEM32\CRYPTSP.dll
0x00007ff9d4ba0000 - 0x00007ff9d4bd4000 	C:\Windows\system32\rsaenh.dll
0x00007ff9d55b0000 - 0x00007ff9d55d9000 	C:\Windows\SYSTEM32\USERENV.dll
0x00007ff9d5150000 - 0x00007ff9d515b000 	C:\Windows\SYSTEM32\CRYPTBASE.dll
0x00007ff9cfdd0000 - 0x00007ff9cfde6000 	C:\Windows\SYSTEM32\dhcpcsvc6.DLL
0x00007ff9cfdb0000 - 0x00007ff9cfdca000 	C:\Windows\SYSTEM32\dhcpcsvc.DLL
0x00007ff9be690000 - 0x00007ff9be6a6000 	C:\Windows\system32\napinsp.dll
0x00007ff9be670000 - 0x00007ff9be68a000 	C:\Windows\system32\pnrpnsp.dll
0x00007ff9d28d0000 - 0x00007ff9d28e8000 	C:\Windows\system32\NLAapi.dll
0x00007ff9be660000 - 0x00007ff9be66e000 	C:\Windows\System32\winrnr.dll
0x00007ff9be640000 - 0x00007ff9be655000 	C:\Windows\System32\wshbth.dll
0x00007ff9d1a00000 - 0x00007ff9d1a25000 	C:\Program Files\Java\jdk-11.0.11\bin\sunec.dll
0x00007ff9d1e70000 - 0x00007ff9d1e7d000 	C:\Program Files\Java\jdk-11.0.11\bin\sunmscapi.dll
0x00007ff9d5880000 - 0x00007ff9d5a49000 	C:\Windows\System32\CRYPT32.dll
0x00007ff9d56c0000 - 0x00007ff9d56d1000 	C:\Windows\System32\MSASN1.dll
0x00007ff9d5210000 - 0x00007ff9d5235000 	C:\Windows\SYSTEM32\ncrypt.dll
0x00007ff9d51d0000 - 0x00007ff9d5206000 	C:\Windows\SYSTEM32\NTASN1.dll

dbghelp: loaded successfully - version: 4.0.5 - missing functions: none
symbol engine: initialized successfully - sym options: 0x614 - pdb path: .;C:\Program Files\Java\jdk-11.0.11\bin;C:\Windows\SYSTEM32;C:\Windows\WinSxS\amd64_microsoft.windows.common-controls_6595b64144ccf1df_6.0.15063.1155_none_40c7922129a7722b;C:\Program Files\Java\jdk-11.0.11\bin\server

VM Arguments:
jvm_args: -agentlib:jdwp=transport=dt_socket,address=127.0.0.1:61104,suspend=y,server=n -XX:TieredStopAtLevel=1 -Xverify:none -Dspring.output.ansi.enabled=always -Dcom.sun.management.jmxremote -Dspring.jmx.enabled=true -Dspring.liveBeansView.mbeanDomain -Dspring.application.admin.enabled=true -Dmanagement.endpoints.jmx.exposure.include=* -javaagent:C:\Users\Admin\AppData\Local\JetBrains\IntelliJIdea2023.1\captureAgent\debugger-agent.jar -Dfile.encoding=UTF-8 
java_command: com.example.bai_1.Bai1Application
java_class_path (initial): D:\CodeGym\tuanvu_module_4\TUANVU_MODULE_4\ss9_aop\bai_1\build\classes\java\main;D:\CodeGym\tuanvu_module_4\TUANVU_MODULE_4\ss9_aop\bai_1\build\resources\main;C:\Users\Admin\.gradle\caches\modules-2\files-2.1\org.springframework.boot\spring-boot-starter-data-jpa\2.7.14-SNAPSHOT\d9c514b6f0bcf8266e1f99e994c0662303ea7d6f\spring-boot-starter-data-jpa-2.7.14-SNAPSHOT.jar;C:\Users\Admin\.gradle\caches\modules-2\files-2.1\org.springframework.boot\spring-boot-starter-thymeleaf\2.7.14-SNAPSHOT\8370b5172fa0aa3492b1a2964a2d5a8025fafffb\spring-boot-starter-thymeleaf-2.7.14-SNAPSHOT.jar;C:\Users\Admin\.gradle\caches\modules-2\files-2.1\org.springframework.boot\spring-boot-starter-web\2.7.14-SNAPSHOT\962ef16538b3a1ed9313eeada21d8e3d6588edd8\spring-boot-starter-web-2.7.14-SNAPSHOT.jar;C:\Users\Admin\.gradle\caches\modules-2\files-2.1\org.springframework.boot\spring-boot-starter-validation\2.7.13\7afa516cf9064c4764a5e944886b559b1eb0b136\spring-boot-starter-validation-2.7.13.jar;C:\Users\Admin\.gradle\caches\modules-2\files-2.1\org.springframework.boot\spring-boot-starter-aop\2.7.14-SNAPSHOT\5e4e563f5c3cbc3471a6d01c52739f1742e18a46\spring-boot-starter-aop-2.7.14-SNAPSHOT.jar;C:\Users\Admin\.gradle\caches\modules-2\files-2.1\org.springframework.boot\spring-boot-starter-jdbc\2.7.14-SNAPSHOT\a59027dbea9626c9b105e34d18e9d2e6f07dd0ae\spring-boot-starter-jdbc-2.7.14-SNAPSHOT.jar;C:\Users\Admin\.gradle\caches\modules-2\files-2.1\jakarta.transaction\jakarta.transaction-api\1.3.3\c4179d48720a1e87202115fbed6089bdc4195405\jakarta.transaction-api-1.3.3.jar;C:\Users\Admin\.gradle\caches\modules-2\files-2.1\jakarta.persistence\jakarta.persistence-api\2.2.3\8f6ea5daedc614f07a3654a455660145286f024e\jakarta.persistence-api-2.2.3.jar;C:\Users\Admin\.gradle\caches\modules-2\files-2.1\org.hibernate\hibernate-core\5.6.15.Final\ab14b7cef1fdff654ca81923048a6034d6c7cfa7\hibernate-core-5.6.15.Final.jar;C:\Users\Admin\.gradle\caches\modules-2\files-2.1\org.springframework.data\sp
Launcher Type: SUN_STANDARD

[Global flags]
     bool BytecodeVerificationLocal                = false                                     {product} {command line}
     bool BytecodeVerificationRemote               = false                                     {product} {command line}
     intx CICompilerCount                          = 3                                         {product} {ergonomic}
     uint ConcGCThreads                            = 1                                         {product} {ergonomic}
     uint G1ConcRefinementThreads                  = 4                                         {product} {ergonomic}
   size_t G1HeapRegionSize                         = 1048576                                   {product} {ergonomic}
    uintx GCDrainStackTargetSize                   = 64                                        {product} {ergonomic}
   size_t InitialHeapSize                          = 127926272                                 {product} {ergonomic}
     bool ManagementServer                         = true                                      {product} {command line}
   size_t MarkStackSize                            = 4194304                                   {product} {ergonomic}
   size_t MaxHeapSize                              = 2032140288                                {product} {ergonomic}
   size_t MaxNewSize                               = 1218445312                                {product} {ergonomic}
   size_t MinHeapDeltaBytes                        = 1048576                                   {product} {ergonomic}
    uintx NonNMethodCodeHeapSize                   = 6973028                                {pd product} {ergonomic}
    uintx NonProfiledCodeHeapSize                  = 244685212                              {pd product} {ergonomic}
    uintx ProfiledCodeHeapSize                     = 0                                      {pd product} {ergonomic}
    uintx ReservedCodeCacheSize                    = 251658240                              {pd product} {ergonomic}
     bool SegmentedCodeCache                       = true                                      {product} {ergonomic}
     intx TieredStopAtLevel                        = 1                                         {product} {command line}
     bool UseCompressedClassPointers               = true                                 {lp64_product} {ergonomic}
     bool UseCompressedOops                        = true                                 {lp64_product} {ergonomic}
     bool UseG1GC                                  = true                                      {product} {ergonomic}
     bool UseLargePagesIndividualAllocation        = false                                  {pd product} {ergonomic}

Logging:
Log output configuration:
 #0: stdout all=warning uptime,level,tags
 #1: stderr all=off uptime,level,tags

Environment Variables:
JAVA_HOME=C:\Program Files\Java\jdk-11.0.11
CLASSPATH=.;
PATH=C:\Program Files (x86)\Common Files\Oracle\Java\javapath;C:\ProgramData\DockerDesktop\version-bin;C:\Program Files\Docker\Docker\Resources\bin;C:\Program Files\Common Files\Oracle\Java\javapath;C:\Windows\system32;C:\Windows;C:\Windows\System32\Wbem;C:\Windows\System32\WindowsPowerShell\v1.0\;C:\ProgramData\chocolatey\bin;E:\TPsTech\Software\Git\cmd;C:\Users\Admin\AppData\Local\Android\Sdk\platform-tools;C:\Program Files\Java\jdk-11.0.11\bin;C:\Users\Admin\AppData\Local\Android\Sdk;C:\Program Files\Genymobile\Genymotion\tools;C:\Program Files (x86)\PuTTY\;C:\Users\Admin\Downloads\php-7.4.9-nts-Win32-vc15-x64;C:\Program Files\Microsoft\Web Platform Installer\;C:\Users\Admin\Downloads\apache-maven-3.6.3-bin\apache-maven-3.6.3\bin;C:\Users\Admin\Downloads\php-7.4.21-nts-Win32-vc15-x64;E:\TPsTech\Software\php\php-8.0.9-nts-Win32-vs16-x64;E:\TPsTech\Software\python;E:\TPsTech\Software\python\Scripts;E:\TPsTech\Software\gtk2\GTK2-Runtime Win64\bin;E:\TPsTech\Software\gtk2\GTK2-Runtime Win64\bin;C:\composer;E:\TPsTech\Software\python\Scripts\;E:\TPsTech\Software\python\;C:\Users\Admin\AppData\Local\Microsoft\WindowsApps;E:\TPsTech\Software\Microsoft VS Code\bin;C:\Users\Admin\Downloads\apache-maven-3.6.3-bin\apache-maven-3.6.3\bin;C:\Program Files\Genymobile\Genymotion\tools;C:\Users\Admin\AppData\Local\Android\Sdk\platform-tools;C:\Users\Admin\AppData\Local\Android\Sdk;C:\Users\Admin\AppData\Local\Programs\Microsoft VS Code\bin;C:\Users\Admin\AppData\Roaming\Composer\vendor\bin;D:\IntelliJ IDEA Community Edition 2021.2.4\bin;
USERNAME=Admin
OS=Windows_NT
PROCESSOR_IDENTIFIER=Intel64 Family 6 Model 58 Stepping 9, GenuineIntel



---------------  S Y S T E M  ---------------

OS: Windows 10 , 64 bit Build 15063 (10.0.15063.1058)

CPU:total 4 (initial active 4) (2 cores per cpu, 2 threads per core) family 6 model 58 stepping 9 microcode 0x1f, cmov, cx8, fxsr, mmx, sse, sse2, sse3, ssse3, sse4.1, sse4.2, popcnt, avx, clmul, erms, ht, tsc, tscinvbit, tscinv

Memory: 4k page, system-wide physical 7750M (386M free)
TotalPageFile size 7750M (AvailPageFile size 4M)
current process WorkingSet (physical memory assigned to process): 278M, peak: 278M
current process commit charge ("private bytes"): 340M, peak: 341M

vm_info: Java HotSpot(TM) 64-Bit Server VM (11.0.11+9-LTS-194) for windows-amd64 JRE (11.0.11+9-LTS-194), built on Mar 18 2021 18:46:53 by "mach5one" with MS VC++ 15.9 (VS2017)

END.
