#
# There is insufficient memory for the Java Runtime Environment to continue.
# Native memory allocation (mmap) failed to map 134217728 bytes for G1 virtual space
# Possible reasons:
#   The system is out of physical RAM or swap space
#   The process is running with CompressedOops enabled, and the Java Heap may be blocking the growth of the native heap
# Possible solutions:
#   Reduce memory load on the system
#   Increase physical memory or swap space
#   Check if swap backing store is full
#   Decrease Java heap size (-Xmx/-Xms)
#   Decrease number of Java threads
#   Decrease Java thread stack sizes (-Xss)
#   Set larger code cache with -XX:ReservedCodeCacheSize=
#   JVM is running with Unscaled Compressed Oops mode in which the Java heap is
#     placed in the first 4GB address space. The Java Heap base address is the
#     maximum limit for the native heap growth. Please use -XX:HeapBaseMinAddress
#     to set the Java Heap base and to place the Java Heap above 4GB virtual address.
# This output file may be truncated or incomplete.
#
#  Out of Memory Error (os_windows.cpp:3769), pid=8136, tid=3296
#
# JRE version:  (17.0.6+10) (build )
# Java VM: OpenJDK 64-Bit Server VM (17.0.6+10-b829.9, mixed mode, sharing, tiered, compressed oops, compressed class ptrs, g1 gc, windows-amd64)
# No core dump will be written. Minidumps are not enabled by default on client versions of Windows
#

---------------  S U M M A R Y ------------

Command Line: -Djava.rmi.server.hostname=127.0.0.1 -Duser.timezone=UTC -Xmx750m -Xms128m --add-exports=java.desktop/sun.awt=ALL-UNNAMED --add-exports=java.desktop/java.awt.peer=ALL-UNNAMED --add-opens=java.desktop/java.awt=ALL-UNNAMED --add-opens=jdk.unsupported/sun.misc=ALL-UNNAMED --add-opens=java.base/java.nio=ALL-UNNAMED --add-opens=java.base/java.util=ALL-UNNAMED -Dfile.encoding=UTF-8 com.intellij.database.remote.RemoteJdbcServer com.mysql.cj.jdbc.Driver

Host: Intel(R) Core(TM) i7-3687U CPU @ 2.10GHz, 4 cores, 7G,  Windows 10 , 64 bit Build 15063 (10.0.15063.1058)
Time: Thu Jun 22 14:14:16 2023 SE Asia Standard Time elapsed time: 0.213004 seconds (0d 0h 0m 0s)

---------------  T H R E A D  ---------------

Current thread (0x000002468d91b0d0):  JavaThread "Unknown thread" [_thread_in_vm, id=3296, stack(0x0000008a50f00000,0x0000008a51000000)]

Stack: [0x0000008a50f00000,0x0000008a51000000]
Native frames: (J=compiled Java code, j=interpreted, Vv=VM code, C=native code)
V  [jvm.dll+0x683c5a]
V  [jvm.dll+0x842764]
V  [jvm.dll+0x843f5e]
V  [jvm.dll+0x8445c3]
V  [jvm.dll+0x249b75]
V  [jvm.dll+0x680b29]
V  [jvm.dll+0x67501a]
V  [jvm.dll+0x309acb]
V  [jvm.dll+0x310f86]
V  [jvm.dll+0x3608ee]
V  [jvm.dll+0x360b1f]
V  [jvm.dll+0x2dfbf8]
V  [jvm.dll+0x2e0b64]
V  [jvm.dll+0x814051]
V  [jvm.dll+0x36e6a1]
V  [jvm.dll+0x7f358c]
V  [jvm.dll+0x3f0e8f]
V  [jvm.dll+0x3f29d1]
C  [jli.dll+0x526b]
C  [ucrtbase.dll+0x20279]
C  [KERNEL32.DLL+0x12784]
C  [ntdll.dll+0x50c31]


---------------  P R O C E S S  ---------------

Threads class SMR info:
_java_thread_list=0x00007ff90322c058, length=0, elements={
}

Java Threads: ( => current thread )

Other Threads:
  0x000002468d950fa0 GCTaskThread "GC Thread#0" [stack: 0x0000008a51000000,0x0000008a51100000] [id=7368]
  0x000002468d957bb0 ConcurrentGCThread "G1 Main Marker" [stack: 0x0000008a51100000,0x0000008a51200000] [id=2868]
  0x000002468d9584d0 ConcurrentGCThread "G1 Conc#0" [stack: 0x0000008a51200000,0x0000008a51300000] [id=4376]

[error occurred during error reporting (printing all threads), id 0xc0000005, EXCEPTION_ACCESS_VIOLATION (0xc0000005) at pc=0x00007ff9029e0797]

VM state: not at safepoint (not fully initialized)

VM Mutex/Monitor currently owned by a thread:  ([mutex/lock_event])
[0x000002468d917a60] Heap_lock - owner thread: 0x000002468d91b0d0

Heap address: 0x00000000d1200000, size: 750 MB, Compressed Oops mode: 32-bit

CDS archive(s) mapped at: [0x0000000000000000-0x0000000000000000-0x0000000000000000), size 0, SharedBaseAddress: 0x0000000800000000, ArchiveRelocationMode: 0.
Narrow klass base: 0x0000000000000000, Narrow klass shift: 0, Narrow klass range: 0x0

GC Precious Log:
<Empty>

Heap:
 garbage-first heap   total 0K, used 0K [0x00000000d1200000, 0x0000000100000000)
  region size 1024K, 0 young (0K), 0 survivors (0K)

[error occurred during error reporting (printing heap information), id 0xc0000005, EXCEPTION_ACCESS_VIOLATION (0xc0000005) at pc=0x00007ff902dcda49]

GC Heap History (0 events):
No events

Dll operation events (1 events):
Event: 0.013 Loaded shared library D:\IntelliJ IDEA 2023.1.2\jbr\bin\java.dll

Deoptimization events (0 events):
No events

Classes unloaded (0 events):
No events

Classes redefined (0 events):
No events

Internal exceptions (0 events):
No events

VM Operations (0 events):
No events

Events (0 events):
No events


Dynamic libraries:
0x00007ff7cfca0000 - 0x00007ff7cfcaa000 	D:\IntelliJ IDEA 2023.1.2\jbr\bin\java.exe
0x00007ff92be90000 - 0x00007ff92c06b000 	C:\Windows\SYSTEM32\ntdll.dll
0x00007ff92b650000 - 0x00007ff92b6fe000 	C:\Windows\System32\KERNEL32.DLL
0x00007ff928680000 - 0x00007ff9288ca000 	C:\Windows\System32\KERNELBASE.dll
0x00007ff928fd0000 - 0x00007ff9290c6000 	C:\Windows\System32\ucrtbase.dll
0x00007ff919340000 - 0x00007ff919357000 	D:\IntelliJ IDEA 2023.1.2\jbr\bin\jli.dll
0x00007ff92afb0000 - 0x00007ff92b0fa000 	C:\Windows\System32\USER32.dll
0x00007ff9293d0000 - 0x00007ff9293ee000 	C:\Windows\System32\win32u.dll
0x00007ff92b3f0000 - 0x00007ff92b417000 	C:\Windows\System32\GDI32.dll
0x00007ff929120000 - 0x00007ff9292a8000 	C:\Windows\System32\gdi32full.dll
0x00007ff9283b0000 - 0x00007ff92844a000 	C:\Windows\System32\msvcp_win.dll
0x00007ff919260000 - 0x00007ff91927b000 	D:\IntelliJ IDEA 2023.1.2\jbr\bin\VCRUNTIME140.dll
0x00007ff921600000 - 0x00007ff921867000 	C:\Windows\WinSxS\amd64_microsoft.windows.common-controls_6595b64144ccf1df_6.0.15063.1155_none_40c7922129a7722b\COMCTL32.dll
0x00007ff92ae40000 - 0x00007ff92aedd000 	C:\Windows\System32\msvcrt.dll
0x00007ff92ba80000 - 0x00007ff92bd79000 	C:\Windows\System32\combase.dll
0x00007ff92ad10000 - 0x00007ff92ae35000 	C:\Windows\System32\RPCRT4.dll
0x00007ff929360000 - 0x00007ff9293ca000 	C:\Windows\System32\bcryptPrimitives.dll
0x00007ff92b3c0000 - 0x00007ff92b3ed000 	C:\Windows\System32\IMM32.DLL
0x00007ff919330000 - 0x00007ff91933c000 	D:\IntelliJ IDEA 2023.1.2\jbr\bin\vcruntime140_1.dll
0x00007ff9072e0000 - 0x00007ff90736d000 	D:\IntelliJ IDEA 2023.1.2\jbr\bin\msvcp140.dll
0x00007ff9026f0000 - 0x00007ff90335e000 	D:\IntelliJ IDEA 2023.1.2\jbr\bin\server\jvm.dll
0x00007ff92b100000 - 0x00007ff92b1a1000 	C:\Windows\System32\ADVAPI32.dll
0x00007ff92af50000 - 0x00007ff92afa9000 	C:\Windows\System32\sechost.dll
0x00007ff91e270000 - 0x00007ff91e279000 	C:\Windows\SYSTEM32\WSOCK32.dll
0x00007ff92b8a0000 - 0x00007ff92b90c000 	C:\Windows\System32\WS2_32.dll
0x00007ff922120000 - 0x00007ff922143000 	C:\Windows\SYSTEM32\WINMM.dll
0x00007ff920040000 - 0x00007ff92004a000 	C:\Windows\SYSTEM32\VERSION.dll
0x00007ff9220f0000 - 0x00007ff92211b000 	C:\Windows\SYSTEM32\WINMMBASE.dll
0x00007ff9290d0000 - 0x00007ff929119000 	C:\Windows\System32\cfgmgr32.dll
0x00007ff928390000 - 0x00007ff9283a1000 	C:\Windows\System32\kernel.appcore.dll
0x00007ff9251f0000 - 0x00007ff9251fa000 	D:\IntelliJ IDEA 2023.1.2\jbr\bin\jimage.dll
0x00007ff91e5c0000 - 0x00007ff91e769000 	C:\Windows\SYSTEM32\DBGHELP.DLL
0x00007ff91e540000 - 0x00007ff91e569000 	C:\Windows\SYSTEM32\dbgcore.DLL
0x00007ff924a60000 - 0x00007ff924a85000 	D:\IntelliJ IDEA 2023.1.2\jbr\bin\java.dll

dbghelp: loaded successfully - version: 4.0.5 - missing functions: none
symbol engine: initialized successfully - sym options: 0x614 - pdb path: .;D:\IntelliJ IDEA 2023.1.2\jbr\bin;C:\Windows\SYSTEM32;C:\Windows\WinSxS\amd64_microsoft.windows.common-controls_6595b64144ccf1df_6.0.15063.1155_none_40c7922129a7722b;D:\IntelliJ IDEA 2023.1.2\jbr\bin\server

VM Arguments:
jvm_args: -Djava.rmi.server.hostname=127.0.0.1 -Duser.timezone=UTC -Xmx750m -Xms128m --add-exports=java.desktop/sun.awt=ALL-UNNAMED --add-exports=java.desktop/java.awt.peer=ALL-UNNAMED --add-opens=java.desktop/java.awt=ALL-UNNAMED --add-opens=jdk.unsupported/sun.misc=ALL-UNNAMED --add-opens=java.base/java.nio=ALL-UNNAMED --add-opens=java.base/java.util=ALL-UNNAMED -Dfile.encoding=UTF-8 
java_command: com.intellij.database.remote.RemoteJdbcServer com.mysql.cj.jdbc.Driver
java_class_path (initial): D:\IntelliJ IDEA 2023.1.2\lib\util_rt.jar;D:\IntelliJ IDEA 2023.1.2\lib\util-8.jar;D:\IntelliJ IDEA 2023.1.2\lib\groovy.jar;D:\IntelliJ IDEA 2023.1.2\plugins\DatabaseTools\lib\jdbc-console.jar;D:\IntelliJ IDEA 2023.1.2\plugins\grid-core-impl\lib\jdbc-console-types.jar;D:\IntelliJ IDEA 2023.1.2\lib\util.jar;C:\Users\Admin\AppData\Roaming\JetBrains\IntelliJIdea2023.1\jdbc-drivers\MySQL ConnectorJ\8.0.25\mysql-connector-java-8.0.25.jar
Launcher Type: SUN_STANDARD

[Global flags]
     intx CICompilerCount                          = 3                                         {product} {ergonomic}
     uint ConcGCThreads                            = 1                                         {product} {ergonomic}
     uint G1ConcRefinementThreads                  = 4                                         {product} {ergonomic}
   size_t G1HeapRegionSize                         = 1048576                                   {product} {ergonomic}
    uintx GCDrainStackTargetSize                   = 64                                        {product} {ergonomic}
   size_t InitialHeapSize                          = 134217728                                 {product} {command line}
   size_t MarkStackSize                            = 4194304                                   {product} {ergonomic}
   size_t MaxHeapSize                              = 786432000                                 {product} {command line}
   size_t MinHeapDeltaBytes                        = 1048576                                   {product} {ergonomic}
   size_t MinHeapSize                              = 134217728                                 {product} {command line}
    uintx NonNMethodCodeHeapSize                   = 5832780                                {pd product} {ergonomic}
    uintx NonProfiledCodeHeapSize                  = 122912730                              {pd product} {ergonomic}
    uintx ProfiledCodeHeapSize                     = 122912730                              {pd product} {ergonomic}
    uintx ReservedCodeCacheSize                    = 251658240                              {pd product} {ergonomic}
     bool SegmentedCodeCache                       = true                                      {product} {ergonomic}
   size_t SoftMaxHeapSize                          = 786432000                              {manageable} {ergonomic}
     bool UseCompressedClassPointers               = true                           {product lp64_product} {ergonomic}
     bool UseCompressedOops                        = true                           {product lp64_product} {ergonomic}
     bool UseG1GC                                  = true                                      {product} {ergonomic}
     bool UseLargePagesIndividualAllocation        = false                                  {pd product} {ergonomic}

Logging:
Log output configuration:
 #0: stdout all=warning uptime,level,tags
 #1: stderr all=off uptime,level,tags

Environment Variables:
JAVA_HOME=C:\Program Files\Java\jdk-11.0.11
CLASSPATH=.;
PATH=C:\Program Files (x86)\Common Files\Oracle\Java\javapath;C:\ProgramData\DockerDesktop\version-bin;C:\Program Files\Docker\Docker\Resources\bin;C:\Program Files\Common Files\Oracle\Java\javapath;C:\Windows\system32;C:\Windows;C:\Windows\System32\Wbem;C:\Windows\System32\WindowsPowerShell\v1.0\;C:\ProgramData\chocolatey\bin;E:\TPsTech\Software\Git\cmd;C:\Users\Admin\AppData\Local\Android\Sdk\platform-tools;C:\Program Files\Java\jdk-11.0.11\bin;C:\Users\Admin\AppData\Local\Android\Sdk;C:\Program Files\Genymobile\Genymotion\tools;C:\Program Files (x86)\PuTTY\;C:\Users\Admin\Downloads\php-7.4.9-nts-Win32-vc15-x64;C:\Program Files\Microsoft\Web Platform Installer\;C:\Users\Admin\Downloads\apache-maven-3.6.3-bin\apache-maven-3.6.3\bin;C:\Users\Admin\Downloads\php-7.4.21-nts-Win32-vc15-x64;E:\TPsTech\Software\php\php-8.0.9-nts-Win32-vs16-x64;E:\TPsTech\Software\python;E:\TPsTech\Software\python\Scripts;E:\TPsTech\Software\gtk2\GTK2-Runtime Win64\bin;E:\TPsTech\Software\gtk2\GTK2-Runtime Win64\bin;C:\composer;E:\TPsTech\Software\python\Scripts\;E:\TPsTech\Software\python\;C:\Users\Admin\AppData\Local\Microsoft\WindowsApps;E:\TPsTech\Software\Microsoft VS Code\bin;C:\Users\Admin\Downloads\apache-maven-3.6.3-bin\apache-maven-3.6.3\bin;C:\Program Files\Genymobile\Genymotion\tools;C:\Users\Admin\AppData\Local\Android\Sdk\platform-tools;C:\Users\Admin\AppData\Local\Android\Sdk;C:\Users\Admin\AppData\Local\Programs\Microsoft VS Code\bin;C:\Users\Admin\AppData\Roaming\Composer\vendor\bin;D:\IntelliJ IDEA Community Edition 2021.2.4\bin;
USERNAME=Admin
OS=Windows_NT
PROCESSOR_IDENTIFIER=Intel64 Family 6 Model 58 Stepping 9, GenuineIntel
TMP=C:\Users\Admin\AppData\Local\Temp
TEMP=C:\Users\Admin\AppData\Local\Temp


JNI global refs:

[error occurred during error reporting (JNI global references), id 0xc0000005, EXCEPTION_ACCESS_VIOLATION (0xc0000005) at pc=0x00007ff9027a7a10]


---------------  S Y S T E M  ---------------

OS:
 Windows 10 , 64 bit Build 15063 (10.0.15063.1058)
OS uptime: 0 days 18:06 hours

CPU: total 4 (initial active 4) (2 cores per cpu, 2 threads per core) family 6 model 58 stepping 9 microcode 0x1f, cx8, cmov, fxsr, ht, mmx, sse, sse2, sse3, ssse3, sse4.1, sse4.2, popcnt, tsc, tscinvbit, avx, erms, clmul, vzeroupper, clflush

Memory: 4k page, system-wide physical 7750M (668M free)
TotalPageFile size 7750M (AvailPageFile size 118M)
current process WorkingSet (physical memory assigned to process): 10M, peak: 10M
current process commit charge ("private bytes"): 51M, peak: 179M

vm_info: OpenJDK 64-Bit Server VM (17.0.6+10-b829.9) for windows-amd64 JRE (17.0.6+10-b829.9), built on 2023-04-09 by "builduser" with MS VC++ 16.10 / 16.11 (VS2019)

END.
